0 info it worked if it ends with ok
1 verbose cli [ '/Users/williammitbrodt/.nvm/versions/node/v7.7.2/bin/node',
1 verbose cli   '/Users/williammitbrodt/.nvm/versions/node/v7.7.2/bin/npm',
1 verbose cli   'run-script',
1 verbose cli   'open:src' ]
2 info using npm@4.1.2
3 info using node@v7.7.2
4 verbose run-script [ 'preopen:src', 'open:src', 'postopen:src' ]
5 info lifecycle react-pair@1.0.0~preopen:src: react-pair@1.0.0
6 silly lifecycle react-pair@1.0.0~preopen:src: no script for preopen:src, continuing
7 info lifecycle react-pair@1.0.0~open:src: react-pair@1.0.0
8 verbose lifecycle react-pair@1.0.0~open:src: unsafe-perm in lifecycle true
9 verbose lifecycle react-pair@1.0.0~open:src: PATH: /Users/williammitbrodt/.nvm/versions/node/v7.7.2/lib/node_modules/npm/bin/node-gyp-bin:/Users/williammitbrodt/codecore/final-project/chat-app/node_modules/.bin:/Users/williammitbrodt/codecore/final-project/chat-app/node_modules/.bin:/Users/williammitbrodt/.config/yarn/link/node_modules/.bin:/Users/williammitbrodt/codecore/final-project/chat-app/node_modules/.bin:/Users/williammitbrodt/.config/yarn/link/node_modules/.bin:/usr/local/Cellar/yarn/0.19.1/libexec/lib/node_modules/yarn/bin/node-gyp-bin:/Users/williammitbrodt/.rvm/gems/ruby-2.3.3/bin:/Users/williammitbrodt/.rvm/gems/ruby-2.3.3@global/bin:/Users/williammitbrodt/.rvm/rubies/ruby-2.3.3/bin:/Users/williammitbrodt/.nvm/versions/node/v7.7.2/bin:/usr/local/bin:/usr/bin:/bin:/usr/sbin:/sbin:/usr/local/git/bin:/Users/williammitbrodt/.rvm/bin
10 verbose lifecycle react-pair@1.0.0~open:src: CWD: /Users/williammitbrodt/codecore/final-project/chat-app
11 silly lifecycle react-pair@1.0.0~open:src: Args: [ '-c', 'babel-node tools/server.js' ]
12 silly lifecycle react-pair@1.0.0~open:src: Returned: code: 1  signal: null
13 info lifecycle react-pair@1.0.0~open:src: Failed to exec open:src script
14 verbose stack Error: react-pair@1.0.0 open:src: `babel-node tools/server.js`
14 verbose stack Exit status 1
14 verbose stack     at EventEmitter.<anonymous> (/Users/williammitbrodt/.nvm/versions/node/v7.7.2/lib/node_modules/npm/lib/utils/lifecycle.js:279:16)
14 verbose stack     at emitTwo (events.js:106:13)
14 verbose stack     at EventEmitter.emit (events.js:194:7)
14 verbose stack     at ChildProcess.<anonymous> (/Users/williammitbrodt/.nvm/versions/node/v7.7.2/lib/node_modules/npm/lib/utils/spawn.js:40:14)
14 verbose stack     at emitTwo (events.js:106:13)
14 verbose stack     at ChildProcess.emit (events.js:194:7)
14 verbose stack     at maybeClose (internal/child_process.js:899:16)
14 verbose stack     at Process.ChildProcess._handle.onexit (internal/child_process.js:226:5)
15 verbose pkgid react-pair@1.0.0
16 verbose cwd /Users/williammitbrodt/codecore/final-project/chat-app
17 error Darwin 16.4.0
18 error argv "/Users/williammitbrodt/.nvm/versions/node/v7.7.2/bin/node" "/Users/williammitbrodt/.nvm/versions/node/v7.7.2/bin/npm" "run-script" "open:src"
19 error node v7.7.2
20 error npm  v4.1.2
21 error code ELIFECYCLE
22 error react-pair@1.0.0 open:src: `babel-node tools/server.js`
22 error Exit status 1
23 error Failed at the react-pair@1.0.0 open:src script 'babel-node tools/server.js'.
23 error Make sure you have the latest version of node.js and npm installed.
23 error If you do, this is most likely a problem with the react-pair package,
23 error not with npm itself.
23 error Tell the author that this fails on your system:
23 error     babel-node tools/server.js
23 error You can get information on how to open an issue for this project with:
23 error     npm bugs react-pair
23 error Or if that isn't available, you can get their info via:
23 error     npm owner ls react-pair
23 error There is likely additional logging output above.
24 verbose exit [ 1, true ]
